2018-09-21 11:11:26,947 - root - INFO - test_001_searchShowPlanInfo--NULLSessionPlanCode:0518092000200870
2018-09-21 13:58:52,707 - root - INFO - test_001_searchShowPlanInfo--NULLSessionPlanCode:0518092000200870
2018-09-21 13:58:52,802 - root - INFO - test_002_plan_seat_xml--NULLSeatCode:0300000200100101
2018-09-21 13:58:53,022 - root - INFO - test_003_lock_seat_xml--NULLOrderCode:1809211358330000
2018-09-21 13:58:53,375 - root - INFO - test_004_confirmSCTSOrder--NULLPrintNo:0000000000816412VerifyCode:0000000000955750
2018-09-21 13:58:53,473 - root - INFO - test_005_takeTicketConfirm--NULL
2018-09-21 13:58:53,766 - root - INFO - test_006_takeTicketConfirm--NULL
2018-09-21 13:59:18,180 - root - INFO - test_001_searchShowPlanInfo--NULLSessionPlanCode:0518092000100869
2018-09-21 13:59:18,233 - root - INFO - test_002_plan_seat_xml--NULLSeatCode:0300000100100101
2018-09-21 13:59:18,358 - root - INFO - test_003_lock_seat_xml--NULLOrderCode:1809211358590006
2018-09-21 13:59:18,605 - root - INFO - test_004_confirmSCTSOrder--NULLPrintNo:0000000000425535VerifyCode:0000000000632642
2018-09-21 13:59:18,875 - root - INFO - test_006_takeTicketConfirm--NULL
2018-09-21 13:59:32,690 - root - INFO - test_001_searchShowPlanInfo--NULLSessionPlanCode:0518092000200870
2018-09-21 13:59:32,732 - root - INFO - test_002_plan_seat_xml--NULLSeatCode:0300000200200101
2018-09-21 13:59:32,851 - root - INFO - test_003_lock_seat_xml--NULLOrderCode:1809211359130013
2018-09-21 13:59:32,980 - root - INFO - test_004_confirmSCTSOrder--NULLPrintNo:0000000000841456VerifyCode:0000000000701396
2018-09-21 13:59:33,072 - root - INFO - test_005_takeTicketConfirm--NULL
2018-09-21 13:59:33,372 - root - INFO - test_006_takeTicketConfirm--NULL
2018-09-21 14:01:25,920 - root - INFO - test_001_search_show_plan--NULLSessionPlanCode:0518092000100869
2018-09-21 14:01:25,969 - root - INFO - test_002_plan_seat_xml--NULLSeatCode:0300000100200101
2018-09-21 14:01:26,085 - root - INFO - test_003_lock_seat_xml--NULLOrderCode:1809211401060023
2018-09-21 14:01:26,219 - root - INFO - test_004_confirm_SCTS_order--NULLPrintNo:0000000000275009VerifyCode:0000000000916162
2018-09-21 14:01:26,299 - root - INFO - test_005_take_ticket_confirm--NULL
2018-09-21 14:01:26,608 - root - INFO - test_006_query_take_ticket_info--NULL
2018-09-21 14:04:27,059 - root - INFO - test_001_search_show_plan--NULLSessionPlanCode:0518092000200870
2018-09-21 14:04:27,104 - root - INFO - test_002_plan_seat_xml--NULLSeatCode:0300000200300101
2018-09-21 14:04:27,201 - root - INFO - test_003_lock_seat_xml--NULLOrderCode:1809211404070027
2018-09-21 14:04:27,325 - root - INFO - test_004_confirm_SCTS_order--NULLPrintNo:0000000000638773VerifyCode:0000000000560080
2018-09-21 14:04:27,398 - root - INFO - test_005_take_ticket_confirm--NULL
2018-09-21 14:04:27,710 - root - INFO - test_006_query_take_ticket_info--NULL
2018-09-21 14:27:00,398 - root - INFO - test_001_search_show_plan--NULLSessionPlanCode:0518092000200870
2018-09-21 14:27:00,505 - root - INFO - test_002_query_ticket_type--NULLSessionPlanCode:0518092000200870
2018-09-21 14:43:28,811 - root - INFO - test_001_search_show_plan--NULLSessionPlanCode:001b07652018
2018-09-21 14:46:41,711 - root - INFO - test_001_search_show_plan--NULLSessionPlanCode:001b07652018
2018-09-21 14:53:51,661 - root - INFO - test_001_search_show_plan--NULLSessionPlanCode:0518092100100876
2018-09-21 14:53:51,706 - root - INFO - test_002_plan_seat_xml--NULLSeatCode:0300000100100101
2018-09-21 14:53:51,803 - root - INFO - test_003_lock_seat_xml--NULLOrderCode:1809211453320034
2018-09-21 14:53:51,921 - root - INFO - test_004_confirm_SCTS_order--NULLPrintNo:0000000000845865VerifyCode:0000000000598425
2018-09-21 14:53:52,019 - root - INFO - test_005_take_ticket_confirm--NULL
2018-09-21 14:53:52,302 - root - INFO - test_006_query_take_ticket_info--NULL
2018-09-21 15:18:01,740 - root - INFO - test_001_search_show_plan--NULLSessionPlanCode:0518092000300871
2018-09-21 15:18:01,786 - root - INFO - test_002_plan_seat_xml--NULLSeatCode:0300000300100101
2018-09-21 15:18:01,887 - root - INFO - test_003_lock_seat_xml--NULLOrderCode:1809211517420043
2018-09-21 15:18:02,022 - root - INFO - test_004_confirm_SCTS_order--NULLPrintNo:0000000000901309VerifyCode:0000000000807630
2018-09-21 15:18:02,092 - root - INFO - test_005_take_ticket_confirm--NULL
2018-09-21 15:18:02,378 - root - INFO - test_006_query_take_ticket_info--NULL
2018-09-21 15:19:10,697 - root - INFO - test_001_search_show_plan--NULLSessionPlanCode:0518092100300875
2018-09-21 15:19:10,746 - root - INFO - test_002_plan_seat_xml--NULLSeatCode:0300000300100101
2018-09-21 15:19:10,831 - root - INFO - test_004_confirm_SCTS_order--订单所包含的影票中座位信息不存在PrintNo:NULLVerifyCode:NULL
2018-09-21 15:19:10,857 - root - INFO - test_005_take_ticket_confirm--没有找到影票或该影票已出票
2018-09-21 15:19:10,887 - root - INFO - test_006_query_take_ticket_info--根据取票号和验证码没有查到影票信息,取票号:NULL,验证码:NULL
2018-09-21 15:19:14,680 - root - INFO - test_001_search_show_plan--NULLSessionPlanCode:0518092000100869
2018-09-21 15:19:14,726 - root - INFO - test_002_plan_seat_xml--NULLSeatCode:0300000100300101
2018-09-21 15:19:14,832 - root - INFO - test_003_lock_seat_xml--NULLOrderCode:1809211518550046
2018-09-21 15:19:14,947 - root - INFO - test_004_confirm_SCTS_order--NULLPrintNo:0000000000562315VerifyCode:0000000000629061
2018-09-21 15:19:15,030 - root - INFO - test_005_take_ticket_confirm--NULL
2018-09-21 15:19:15,312 - root - INFO - test_006_query_take_ticket_info--NULL
2018-09-21 15:52:02,703 - root - INFO - test_001_search_show_plan--NULLSessionPlanCode:0518092000100869
2018-09-21 15:52:02,736 - root - INFO - test_002_plan_seat_xml--NULLSeatCode:0300000100400101
2018-09-21 15:52:02,836 - root - INFO - test_003_lock_seat_xml--NULLOrderCode:1809211551430054
2018-09-21 15:52:02,976 - root - INFO - test_004_confirm_SCTS_order--NULLPrintNo:0000000000711765VerifyCode:0000000000821727
2018-09-21 15:52:03,023 - root - INFO - test_005_query_order_info--NULL
2018-09-21 15:57:34,096 - root - INFO - test_001_search_show_plan--NULLSessionPlanCode:0518092000200870
2018-09-21 15:57:34,131 - root - INFO - test_002_plan_seat_xml--NULLSeatCode:0300000200400101
2018-09-21 15:57:34,237 - root - INFO - test_003_lock_seat_xml--NULLOrderCode:1809211557150056
2018-09-21 15:57:34,358 - root - INFO - test_004_confirm_SCTS_order--NULLPrintNo:0000000000489183VerifyCode:0000000000349692
2018-09-21 15:57:34,391 - root - INFO - test_005_query_order_info--该订单不存在,orderNo:9999211551430054
2018-09-21 15:59:28,239 - root - INFO - test_001_search_show_plan--NULLSessionPlanCode:0518092000200870
2018-09-21 15:59:28,279 - root - INFO - test_002_plan_seat_xml--NULLSeatCode:0300000200500101
2018-09-21 15:59:28,382 - root - INFO - test_003_lock_seat_xml--NULLOrderCode:1809211559090059
2018-09-21 15:59:28,500 - root - INFO - test_004_confirm_SCTS_order--NULLPrintNo:0000000000638197VerifyCode:0000000000271794
2018-09-21 15:59:28,545 - root - INFO - test_005_query_order_info--该订单不存在,orderNo:9999211551430054
2018-09-21 16:00:56,506 - root - INFO - test_001_search_show_plan--NULLSessionPlanCode:0518092000100869
2018-09-21 16:00:56,551 - root - INFO - test_002_plan_seat_xml--NULLSeatCode:0300000100500101
2018-09-21 16:00:56,654 - root - INFO - test_003_lock_seat_xml--NULLOrderCode:1809211600370066
2018-09-21 16:00:56,763 - root - INFO - test_004_confirm_SCTS_order--NULLPrintNo:0000000000266004VerifyCode:0000000000310827
2018-09-21 16:00:56,845 - root - INFO - test_005_take_ticket_confirm--NULL
2018-09-21 16:00:57,163 - root - INFO - test_006_query_take_ticket_info--NULL
2018-09-21 16:00:57,276 - root - INFO - test_001_search_show_plan--NULLSessionPlanCode:0518092000300871
2018-09-21 16:00:57,316 - root - INFO - test_002_plan_seat_xml--NULLSeatCode:0300000300200101
2018-09-21 16:00:57,388 - root - INFO - test_003_lock_seat_xml--NULLOrderCode:1809211600380073
2018-09-21 16:00:57,480 - root - INFO - test_004_confirmSCTS_order--NULL
2018-09-21 16:00:57,630 - root - INFO - test_005_refund_ticket--NULLPrintNo:0000000000716776VerifyCode:0000000000917922
2018-09-21 16:00:57,746 - root - INFO - test_001_search_show_plan--NULLSessionPlanCode:0518092100100876
2018-09-21 16:00:57,779 - root - INFO - test_002_plan_seat_xml--NULLSeatCode:0300000100200101
2018-09-21 16:00:57,841 - root - INFO - test_003_lock_seat_xml--NULLOrderCode:1809211600380077
2018-09-21 16:00:58,038 - root - INFO - test_004_confirmSCTS_order--NULL
2018-09-21 16:00:58,164 - root - INFO - test_005_refund_ticket--NULLPrintNo:0000000000751763VerifyCode:0000000000253092
2018-09-21 16:00:58,191 - root - INFO - test_006_second_refund_ticket--退票失败,取票号或验证码查不到影票信息PrintNo:0000000000751763VerifyCode:0000000000253092
2018-09-21 16:00:58,299 - root - INFO - test_001_search_show_plan--NULLSessionPlanCode:0518092000100869
2018-09-21 16:00:58,331 - root - INFO - test_002_plan_seat_xml--NULLSeatCode:0300000100600101
2018-09-21 16:00:58,398 - root - INFO - test_003_lock_seat_xml--NULLOrderCode:1809211600390085
2018-09-21 16:00:58,426 - root - INFO - test_004_release_seat_seatCode--解锁和锁座不是同一个订单号,锁:1809211600390085
2018-09-21 16:00:58,516 - root - INFO - test_001_search_show_plan--NULLSessionPlanCode:0518092100100876
2018-09-21 16:00:58,559 - root - INFO - test_002_plan_seat_xml--NULLSeatCode:0300000100200101
2018-09-21 16:00:58,711 - root - INFO - test_003_lock_seat_xml--NULLOrderCode:1809211600390088
2018-09-21 16:00:58,747 - root - INFO - test_004_release_seat_seatCode--座位不能解锁，座位状态是未选定
2018-09-21 16:00:58,875 - root - INFO - test_001_search_show_plan--NULLSessionPlanCode:0518092100300875
2018-09-21 16:00:58,928 - root - INFO - test_002_plan_seat_xml--NULLSeatCode:0300000300100101
2018-09-21 16:00:58,959 - root - INFO - test_003_lock_seat_xml--该场次已过网上允许销售的时间,截止售票(分钟):5OrderCode:NULL
2018-09-21 16:00:58,980 - root - INFO - test_004_release_seat_seatCode--无效的放映计划编码
2018-09-21 16:00:59,072 - root - INFO - test_001_search_show_plan--NULLSessionPlanCode:0518092000300871
2018-09-21 16:00:59,118 - root - INFO - test_002_plan_seat_xml--NULLSeatCode:0300000300200101
2018-09-21 16:00:59,217 - root - INFO - test_003_lock_seat_xml--NULLOrderCode:1809211600390090
2018-09-21 16:00:59,375 - root - INFO - test_004_confirmSCTS_order--NULL
2018-09-21 16:00:59,418 - root - INFO - test_001_search_show_plan--NULLSessionPlanCode:001108402017
2018-09-21 16:00:59,523 - root - INFO - test_001_search_show_plan--NULLSessionPlanCode:0518092000200870
2018-09-21 16:00:59,627 - root - INFO - test_002_query_ticket_type--NULLSessionPlanCode:0518092000300871
2018-09-21 16:00:59,730 - root - INFO - test_001_search_show_plan--NULLSessionPlanCode:0518092000200870
2018-09-21 16:00:59,779 - root - INFO - test_002_plan_seat_xml--NULLSeatCode:0300000200600101
2018-09-21 16:00:59,868 - root - INFO - test_003_lock_seat_xml--NULLOrderCode:1809211600400096
2018-09-21 16:00:59,992 - root - INFO - test_004_confirmSCTS_order--NULL
2018-09-21 16:01:00,121 - root - INFO - test_005_refund_ticket--NULLPrintNo:0000000000389954VerifyCode:0000000000370400
2018-09-21 16:01:00,226 - root - INFO - test_001_search_show_plan--NULLSessionPlanCode:0518092000300871
2018-09-21 16:01:00,269 - root - INFO - test_002_plan_seat_xml--NULLSeatCode:0300000300200101
2018-09-21 16:01:00,364 - root - INFO - test_001_search_show_plan--NULLSessionPlanCode:0518092100300875
2018-09-21 16:01:00,433 - root - INFO - test_002_plan_seat_xml--NULLSeatCode:0300000300100101
2018-09-21 16:01:00,473 - root - INFO - test_003_lock_seat_xml--该场次已过网上允许销售的时间,截止售票(分钟):5OrderCode:NULL
2018-09-21 16:01:00,516 - root - INFO - test_004_confirmSCTS_order--订单所包含的影票中座位信息不存在
2018-09-21 16:01:00,545 - root - INFO - test_005_refund_ticket--退票失败,取票号或验证码查不到影票信息PrintNo:NULLVerifyCode:NULL
2018-09-21 16:01:00,572 - root - INFO - test_006_second_refund_ticket--退票失败,取票号或验证码查不到影票信息PrintNo:NULLVerifyCode:NULL
2018-09-21 16:01:00,663 - root - INFO - test_001_no_show_plan--NULLSessionPlanCode:0518092000100869
2018-09-21 16:01:00,778 - root - INFO - test_001_search_show_plan--NULLSessionPlanCode:0518092000100869
2018-09-21 16:01:00,818 - root - INFO - test_002_plan_seat_xml--NULLSeatCode:0300000100700101
2018-09-21 16:01:00,905 - root - INFO - test_003_lock_seat_xml--NULLOrderCode:1809211600410100
2018-09-21 16:01:01,029 - root - INFO - test_004_confirm_SCTS_order--NULLPrintNo:0000000000435672VerifyCode:0000000000598410
2018-09-21 16:01:01,069 - root - INFO - test_005_query_order_info--该订单不存在,orderNo:9999211551430054
2018-09-21 16:01:01,161 - root - INFO - test_001_search_show_plan--NULLSessionPlanCode:0518092000200870
2018-09-21 16:01:01,203 - root - INFO - test_002_plan_seat_xml--NULLSeatCode:0300000200600101
2018-09-21 16:01:01,269 - root - INFO - test_003_lock_seat_xml--NULLOrderCode:1809211600420107
2018-09-21 16:01:01,414 - root - INFO - test_004_confirm_SCTS_order--NULLPrintNo:0000000000302453VerifyCode:0000000000289129
2018-09-21 16:01:01,454 - root - INFO - test_005_query_order_info--NULL
2018-09-21 16:19:20,742 - root - INFO - test_001_search_show_plan--NULLSessionPlanCode:0518092000100869
2018-09-21 16:19:20,779 - root - INFO - test_002_plan_seat_xml--NULLSeatCode:0300000100600101
2018-09-21 16:19:20,871 - root - INFO - test_003_lock_seat_xml--NULLOrderCode:1809211619010114
2018-09-21 16:19:20,954 - root - INFO - test_004_confirm_SCTS_order--NULLPrintNo:0000000000691645VerifyCode:0000000000304047
2018-09-21 16:19:20,980 - root - INFO - test_005_query_order_info--该订单不存在,orderNo:9999211551430054
2018-09-21 16:20:23,546 - root - INFO - test_001_search_show_plan--NULLSessionPlanCode:0518092100300875
2018-09-21 16:20:23,599 - root - INFO - test_002_plan_seat_xml--NULLSeatCode:0300000300100101
2018-09-21 16:20:23,661 - root - INFO - test_004_confirm_SCTS_order--订单所包含的影票中座位信息不存在PrintNo:NULLVerifyCode:NULL
2018-09-21 16:20:23,686 - root - INFO - test_005_query_order_info--该订单不存在,orderNo:9999211551430054
2018-09-21 16:20:28,598 - root - INFO - test_001_search_show_plan--NULLSessionPlanCode:0518092100300875
2018-09-21 16:20:28,638 - root - INFO - test_002_plan_seat_xml--NULLSeatCode:0300000300100101
2018-09-21 16:20:28,697 - root - INFO - test_004_confirm_SCTS_order--订单所包含的影票中座位信息不存在PrintNo:NULLVerifyCode:NULL
2018-09-21 16:20:28,720 - root - INFO - test_005_query_order_info--该订单不存在,orderNo:9999211551430054
2018-09-21 16:20:41,667 - root - INFO - test_001_search_show_plan--NULLSessionPlanCode:0518092100100876
2018-09-21 16:20:41,698 - root - INFO - test_002_plan_seat_xml--NULLSeatCode:0300000100200101
2018-09-21 16:20:41,789 - root - INFO - test_003_lock_seat_xml--NULLOrderCode:1809211620220122
2018-09-21 16:20:41,914 - root - INFO - test_004_confirm_SCTS_order--NULLPrintNo:0000000000889265VerifyCode:0000000000196801
2018-09-21 16:20:41,946 - root - INFO - test_005_query_order_info--该订单不存在,orderNo:9999211551430054
2018-09-21 16:20:45,778 - root - INFO - test_001_search_show_plan--NULLSessionPlanCode:0518092100300875
2018-09-21 16:20:45,832 - root - INFO - test_002_plan_seat_xml--NULLSeatCode:0300000300100101
2018-09-21 16:20:45,894 - root - INFO - test_004_confirm_SCTS_order--订单所包含的影票中座位信息不存在PrintNo:NULLVerifyCode:NULL
2018-09-21 16:20:45,921 - root - INFO - test_005_query_order_info--该订单不存在,orderNo:9999211551430054
2018-09-21 16:20:49,265 - root - INFO - test_001_search_show_plan--NULLSessionPlanCode:0518092100300875
2018-09-21 16:20:49,335 - root - INFO - test_002_plan_seat_xml--NULLSeatCode:0300000300100101
2018-09-21 16:20:49,391 - root - INFO - test_004_confirm_SCTS_order--订单所包含的影票中座位信息不存在PrintNo:NULLVerifyCode:NULL
2018-09-21 16:20:49,414 - root - INFO - test_005_query_order_info--该订单不存在,orderNo:9999211551430054
2018-09-21 16:21:14,875 - root - INFO - test_001_search_show_plan--NULLSessionPlanCode:0518092100300875
2018-09-21 16:21:14,917 - root - INFO - test_002_plan_seat_xml--NULLSeatCode:0300000300100101
2018-09-21 16:21:14,974 - root - INFO - test_004_confirm_SCTS_order--订单所包含的影票中座位信息不存在PrintNo:NULLVerifyCode:NULL
2018-09-21 16:21:14,997 - root - INFO - test_005_query_order_info--该订单不存在,orderNo:9999211551430054
2018-09-21 16:21:18,058 - root - INFO - test_001_search_show_plan--NULLSessionPlanCode:0518092000100869
2018-09-21 16:21:18,101 - root - INFO - test_002_plan_seat_xml--NULLSeatCode:0300000100800101
2018-09-21 16:21:18,206 - root - INFO - test_003_lock_seat_xml--NULLOrderCode:1809211620580125
2018-09-21 16:21:18,306 - root - INFO - test_004_confirm_SCTS_order--NULLPrintNo:0000000000641655VerifyCode:0000000000508677
2018-09-21 16:21:18,339 - root - INFO - test_005_query_order_info--该订单不存在,orderNo:9999211551430054
2018-09-21 16:21:21,618 - root - INFO - test_001_search_show_plan--NULLSessionPlanCode:0518092000300871
2018-09-21 16:21:21,667 - root - INFO - test_002_plan_seat_xml--NULLSeatCode:0300000300200101
2018-09-21 16:21:21,769 - root - INFO - test_003_lock_seat_xml--NULLOrderCode:1809211621020128
2018-09-21 16:21:22,013 - root - INFO - test_004_confirm_SCTS_order--NULLPrintNo:0000000000169719VerifyCode:0000000000570143
2018-09-21 16:21:22,048 - root - INFO - test_005_query_order_info--该订单不存在,orderNo:9999211551430054
2018-09-21 16:23:14,788 - root - INFO - test_001_no_show_plan--NULLSessionPlanCode:0518092000200870
2018-09-21 16:28:26,450 - root - INFO - test_001_search_show_plan--NULLSessionPlanCode:0518092100300875
2018-09-21 16:28:26,505 - root - INFO - test_002_plan_seat_xml--NULLSeatCode:0300000300100101
2018-09-21 16:28:26,563 - root - INFO - test_004_confirm_SCTS_order--订单所包含的影票中座位信息不存在PrintNo:NULLVerifyCode:NULL
2018-09-21 16:28:26,588 - root - INFO - test_005_query_order_info--该订单不存在,orderNo:NULL
2018-09-21 16:28:34,108 - root - INFO - test_001_search_show_plan--NULLSessionPlanCode:0518092000200870
2018-09-21 16:28:34,155 - root - INFO - test_002_plan_seat_xml--NULLSeatCode:0300000200700101
2018-09-21 16:28:34,240 - root - INFO - test_003_lock_seat_xml--NULLOrderCode:1809211628150131
2018-09-21 16:28:34,348 - root - INFO - test_004_confirm_SCTS_order--NULLPrintNo:0000000000774039VerifyCode:0000000000516771
2018-09-21 16:28:34,381 - root - INFO - test_005_query_order_info--该订单不存在,orderNo:9999211551430054
2018-09-21 16:30:48,674 - root - INFO - test_001_search_show_plan--NULLSessionPlanCode:0518092000100869
2018-09-21 16:30:48,704 - root - INFO - test_002_plan_seat_xml--NULLSeatCode:0300000100900101
2018-09-21 16:30:48,793 - root - INFO - test_003_lock_seat_xml--NULLOrderCode:1809211630290140
2018-09-21 16:30:48,908 - root - INFO - test_004_confirm_SCTS_order--NULLPrintNo:0000000000259868VerifyCode:0000000000664966
2018-09-21 16:30:48,986 - root - INFO - test_005_take_ticket_confirm--NULL
2018-09-21 16:30:49,279 - root - INFO - test_006_query_take_ticket_info--NULL
2018-09-21 16:30:49,381 - root - INFO - test_001_search_show_plan--NULLSessionPlanCode:0518092000100869
2018-09-21 16:30:49,427 - root - INFO - test_002_plan_seat_xml--NULLSeatCode:0300000101000101
2018-09-21 16:30:49,522 - root - INFO - test_003_lock_seat_xml--NULLOrderCode:1809211630300143
2018-09-21 16:30:49,630 - root - INFO - test_004_confirmSCTS_order--NULL
2018-09-21 16:30:49,727 - root - INFO - test_005_refund_ticket--NULLPrintNo:0000000000759873VerifyCode:0000000000255544
2018-09-21 16:30:49,815 - root - INFO - test_001_search_show_plan--NULLSessionPlanCode:0518092000100869
2018-09-21 16:30:49,845 - root - INFO - test_002_plan_seat_xml--NULLSeatCode:0300000101000101
2018-09-21 16:30:49,947 - root - INFO - test_003_lock_seat_xml--NULLOrderCode:1809211630300148
2018-09-21 16:30:50,055 - root - INFO - test_004_confirmSCTS_order--NULL
2018-09-21 16:30:50,263 - root - INFO - test_005_refund_ticket--NULLPrintNo:0000000000350799VerifyCode:0000000000780007
2018-09-21 16:30:50,302 - root - INFO - test_006_second_refund_ticket--退票失败,取票号或验证码查不到影票信息PrintNo:0000000000350799VerifyCode:0000000000780007
2018-09-21 16:30:50,404 - root - INFO - test_001_search_show_plan--NULLSessionPlanCode:0518092000300871
2018-09-21 16:30:50,473 - root - INFO - test_002_plan_seat_xml--NULLSeatCode:0300000300300101
2018-09-21 16:30:50,565 - root - INFO - test_003_lock_seat_xml--NULLOrderCode:1809211630310157
2018-09-21 16:30:50,601 - root - INFO - test_004_release_seat_seatCode--解锁和锁座不是同一个订单号,锁:1809211630310157
2018-09-21 16:30:50,713 - root - INFO - test_001_search_show_plan--NULLSessionPlanCode:0518092000100869
2018-09-21 16:30:50,759 - root - INFO - test_002_plan_seat_xml--NULLSeatCode:0300000101000101
2018-09-21 16:30:50,862 - root - INFO - test_003_lock_seat_xml--NULLOrderCode:1809211630310166
2018-09-21 16:30:50,887 - root - INFO - test_004_release_seat_seatCode--座位不能解锁，座位状态是未选定
2018-09-21 16:30:50,974 - root - INFO - test_001_search_show_plan--NULLSessionPlanCode:0518092100300875
2018-09-21 16:30:51,016 - root - INFO - test_002_plan_seat_xml--NULLSeatCode:0300000300100101
2018-09-21 16:30:51,045 - root - INFO - test_003_lock_seat_xml--该场次已过网上允许销售的时间,截止售票(分钟):5OrderCode:NULL
2018-09-21 16:30:51,066 - root - INFO - test_004_release_seat_seatCode--无效的放映计划编码
2018-09-21 16:30:51,155 - root - INFO - test_001_search_show_plan--NULLSessionPlanCode:0518092100100876
2018-09-21 16:30:51,194 - root - INFO - test_002_plan_seat_xml--NULLSeatCode:0300000100300101
2018-09-21 16:30:51,282 - root - INFO - test_003_lock_seat_xml--NULLOrderCode:1809211630320167
2018-09-21 16:30:51,348 - root - INFO - test_004_confirmSCTS_order--NULL
2018-09-21 16:30:51,394 - root - INFO - test_001_search_show_plan--NULLSessionPlanCode:001108402017
2018-09-21 16:30:51,494 - root - INFO - test_001_search_show_plan--NULLSessionPlanCode:0518092000200870
2018-09-21 16:30:51,595 - root - INFO - test_002_query_ticket_type--NULLSessionPlanCode:0518092000100869
2018-09-21 16:30:51,694 - root - INFO - test_001_search_show_plan--NULLSessionPlanCode:0518092100100876
2018-09-21 16:30:51,726 - root - INFO - test_002_plan_seat_xml--NULLSeatCode:0300000100300101
2018-09-21 16:30:51,823 - root - INFO - test_001_no_show_plan--NULLSessionPlanCode:0518092000200870
2018-09-21 16:30:51,930 - root - INFO - test_001_search_show_plan--NULLSessionPlanCode:0518092000300871
2018-09-21 16:30:51,970 - root - INFO - test_002_plan_seat_xml--NULLSeatCode:0300000300400101
2018-09-21 16:30:52,055 - root - INFO - test_003_lock_seat_xml--NULLOrderCode:1809211630320171
2018-09-21 16:30:52,134 - root - INFO - test_004_confirm_SCTS_order--NULLPrintNo:0000000000602296VerifyCode:0000000000440726
2018-09-21 16:30:52,167 - root - INFO - test_005_query_order_info--该订单不存在,orderNo:9999211551430054
2018-09-21 16:30:52,260 - root - INFO - test_001_search_show_plan--NULLSessionPlanCode:0518092100300875
2018-09-21 16:30:52,322 - root - INFO - test_002_plan_seat_xml--NULLSeatCode:0300000300100101
2018-09-21 16:30:52,381 - root - INFO - test_004_confirm_SCTS_order--订单所包含的影票中座位信息不存在PrintNo:NULLVerifyCode:NULL
2018-09-21 16:30:52,404 - root - INFO - test_005_query_order_info--该订单不存在,orderNo:NULL
2018-09-21 16:41:38,069 - root - INFO - setUp执行开始
2018-09-21 16:41:38,190 - root - INFO - test_001_search_show_plan--NULLSessionPlanCode:0518092100100876
2018-09-21 16:41:38,196 - root - INFO - tearDown执行结束
2018-09-21 16:41:38,200 - root - INFO - setUp执行开始
2018-09-21 16:41:38,233 - root - INFO - test_002_plan_seat_xml--NULLSeatCode:0300000100300101
2018-09-21 16:41:38,236 - root - INFO - tearDown执行结束
2018-09-21 16:41:38,240 - root - INFO - setUp执行开始
2018-09-21 16:41:38,351 - root - INFO - test_003_lock_seat_xml--NULLOrderCode:1809211641190177
2018-09-21 16:41:38,355 - root - INFO - tearDown执行结束
2018-09-21 16:41:38,361 - root - INFO - setUp执行开始
2018-09-21 16:41:38,484 - root - INFO - test_004_confirm_SCTS_order--NULLPrintNo:0000000000817222VerifyCode:0000000000434277
2018-09-21 16:41:38,490 - root - INFO - tearDown执行结束
2018-09-21 16:41:38,496 - root - INFO - setUp执行开始
2018-09-21 16:41:38,575 - root - INFO - test_005_take_ticket_confirm--NULL
2018-09-21 16:41:38,582 - root - INFO - tearDown执行结束
2018-09-21 16:41:38,588 - root - INFO - setUp执行开始
2018-09-21 16:41:38,868 - root - INFO - test_006_query_take_ticket_info--NULL
2018-09-21 16:41:38,872 - root - INFO - tearDown执行结束
2018-09-21 16:41:38,880 - root - INFO - setUp执行开始
2018-09-21 16:41:38,977 - root - INFO - test_001_search_show_plan--NULLSessionPlanCode:0518092000200870
2018-09-21 16:41:38,983 - root - INFO - tearDown执行结束
2018-09-21 16:41:38,989 - root - INFO - setUp执行开始
2018-09-21 16:41:39,032 - root - INFO - test_002_plan_seat_xml--NULLSeatCode:0300000200800101
2018-09-21 16:41:39,038 - root - INFO - tearDown执行结束
2018-09-21 16:41:39,042 - root - INFO - setUp执行开始
2018-09-21 16:41:39,209 - root - INFO - test_003_lock_seat_xml--NULLOrderCode:1809211641190186
2018-09-21 16:41:39,211 - root - INFO - tearDown执行结束
2018-09-21 16:41:39,214 - root - INFO - setUp执行开始
2018-09-21 16:41:39,351 - root - INFO - test_004_confirmSCTS_order--NULL
2018-09-21 16:41:39,354 - root - INFO - tearDown执行结束
2018-09-21 16:41:39,358 - root - INFO - setUp执行开始
2018-09-21 16:41:39,513 - root - INFO - test_005_refund_ticket--NULLPrintNo:0000000000964888VerifyCode:0000000000818602
2018-09-21 16:41:39,516 - root - INFO - tearDown执行结束
2018-09-21 16:41:39,519 - root - INFO - setUp执行开始
2018-09-21 16:41:39,608 - root - INFO - test_001_search_show_plan--NULLSessionPlanCode:0518092100300875
2018-09-21 16:41:39,612 - root - INFO - tearDown执行结束
2018-09-21 16:41:39,618 - root - INFO - setUp执行开始
2018-09-21 16:41:39,684 - root - INFO - test_002_plan_seat_xml--NULLSeatCode:0300000300100101
2018-09-21 16:41:39,688 - root - INFO - tearDown执行结束
2018-09-21 16:41:39,694 - root - INFO - setUp执行开始
2018-09-21 16:41:39,724 - root - INFO - test_003_lock_seat_xml--该场次已过网上允许销售的时间,截止售票(分钟):5OrderCode:NULL
2018-09-21 16:41:39,726 - root - INFO - tearDown执行结束
2018-09-21 16:41:39,730 - root - INFO - setUp执行开始
2018-09-21 16:41:39,759 - root - INFO - test_004_confirmSCTS_order--订单所包含的影票中座位信息不存在
2018-09-21 16:41:39,763 - root - INFO - tearDown执行结束
2018-09-21 16:41:39,765 - root - INFO - setUp执行开始
2018-09-21 16:41:39,788 - root - INFO - test_005_refund_ticket--退票失败,取票号或验证码查不到影票信息PrintNo:NULLVerifyCode:NULL
2018-09-21 16:41:39,790 - root - INFO - tearDown执行结束
2018-09-21 16:41:39,792 - root - INFO - setUp执行开始
2018-09-21 16:41:39,818 - root - INFO - test_006_second_refund_ticket--退票失败,取票号或验证码查不到影票信息PrintNo:NULLVerifyCode:NULL
2018-09-21 16:41:39,819 - root - INFO - tearDown执行结束
2018-09-21 16:41:39,913 - root - INFO - test_001_search_show_plan--NULLSessionPlanCode:0518092000300871
2018-09-21 16:41:39,976 - root - INFO - test_002_plan_seat_xml--NULLSeatCode:0300000300600101
2018-09-21 16:41:40,053 - root - INFO - test_003_lock_seat_xml--NULLOrderCode:1809211641200194
2018-09-21 16:41:40,085 - root - INFO - test_004_release_seat_seatCode--解锁和锁座不是同一个订单号,锁:1809211641200194
2018-09-21 16:41:40,176 - root - INFO - test_001_search_show_plan--NULLSessionPlanCode:0518092000300871
2018-09-21 16:41:40,217 - root - INFO - test_002_plan_seat_xml--NULLSeatCode:0300000300700101
2018-09-21 16:41:40,312 - root - INFO - test_003_lock_seat_xml--NULLOrderCode:1809211641210203
2018-09-21 16:41:40,358 - root - INFO - test_004_release_seat_seatCode--座位不能解锁，座位状态是未选定
2018-09-21 16:41:40,450 - root - INFO - test_001_search_show_plan--NULLSessionPlanCode:0518092000100869
2018-09-21 16:41:40,496 - root - INFO - test_002_plan_seat_xml--NULLSeatCode:0300000100100201
2018-09-21 16:41:40,571 - root - INFO - test_003_lock_seat_xml--NULLOrderCode:1809211641210204
2018-09-21 16:41:40,596 - root - INFO - test_004_release_seat_seatCode--无效的放映计划编码
2018-09-21 16:41:40,690 - root - INFO - test_001_search_show_plan--NULLSessionPlanCode:0518092100100876
2018-09-21 16:41:40,729 - root - INFO - test_002_plan_seat_xml--NULLSeatCode:0300000100400101
2018-09-21 16:41:40,813 - root - INFO - test_003_lock_seat_xml--NULLOrderCode:1809211641210212
2018-09-21 16:41:40,880 - root - INFO - test_004_confirmSCTS_order--NULL
2018-09-21 16:41:40,885 - root - INFO - setUp执行开始
2018-09-21 16:41:40,924 - root - INFO - test_001_search_show_plan--NULLSessionPlanCode:001108402017
2018-09-21 16:41:40,927 - root - INFO - tearDown执行结束
2018-09-21 16:41:40,931 - root - INFO - setUp执行开始
2018-09-21 16:41:41,020 - root - INFO - test_001_search_show_plan--NULLSessionPlanCode:0518092000100869
2018-09-21 16:41:41,023 - root - INFO - tearDown执行结束
2018-09-21 16:41:41,026 - root - INFO - setUp执行开始
2018-09-21 16:41:41,111 - root - INFO - test_002_query_ticket_type--NULLSessionPlanCode:0518092100300875
2018-09-21 16:41:41,114 - root - INFO - tearDown执行结束
2018-09-21 16:41:41,117 - root - INFO - setUp执行开始
2018-09-21 16:41:41,209 - root - INFO - test_001_search_show_plan--NULLSessionPlanCode:0518092100100876
2018-09-21 16:41:41,211 - root - INFO - tearDown执行结束
2018-09-21 16:41:41,213 - root - INFO - setUp执行开始
2018-09-21 16:41:41,246 - root - INFO - test_002_plan_seat_xml--NULLSeatCode:0300000100400101
2018-09-21 16:41:41,249 - root - INFO - tearDown执行结束
2018-09-21 16:41:41,250 - root - INFO - setUp执行开始
2018-09-21 16:41:41,334 - root - INFO - test_001_no_show_plan--NULLSessionPlanCode:0518092000100869
2018-09-21 16:41:41,336 - root - INFO - tearDown执行结束
2018-09-21 16:41:41,339 - root - INFO - setUp执行开始
2018-09-21 16:41:41,359 - root - INFO - tearDown执行结束
2018-09-21 16:41:41,362 - root - INFO - setUp执行开始
2018-09-21 16:41:41,464 - root - INFO - test_001_search_show_plan--NULLSessionPlanCode:0518092000200870
2018-09-21 16:41:41,470 - root - INFO - tearDown执行结束
2018-09-21 16:41:41,474 - root - INFO - setUp执行开始
2018-09-21 16:41:41,506 - root - INFO - test_002_plan_seat_xml--NULLSeatCode:0300000200800101
2018-09-21 16:41:41,509 - root - INFO - tearDown执行结束
2018-09-21 16:41:41,513 - root - INFO - setUp执行开始
2018-09-21 16:41:41,596 - root - INFO - test_003_lock_seat_xml--NULLOrderCode:1809211641220215
2018-09-21 16:41:41,602 - root - INFO - tearDown执行结束
2018-09-21 16:41:41,608 - root - INFO - setUp执行开始
2018-09-21 16:41:41,732 - root - INFO - test_004_confirm_SCTS_order--NULLPrintNo:0000000000284543VerifyCode:0000000000794694
2018-09-21 16:41:41,737 - root - INFO - tearDown执行结束
2018-09-21 16:41:41,743 - root - INFO - setUp执行开始
2018-09-21 16:41:41,775 - root - INFO - test_005_query_order_info--该订单不存在,orderNo:9999211551430054
2018-09-21 16:41:41,779 - root - INFO - tearDown执行结束
2018-09-21 16:41:41,783 - root - INFO - setUp执行开始
2018-09-21 16:41:41,882 - root - INFO - test_001_search_show_plan--NULLSessionPlanCode:0518092000200870
2018-09-21 16:41:41,888 - root - INFO - tearDown执行结束
2018-09-21 16:41:41,894 - root - INFO - setUp执行开始
2018-09-21 16:41:41,934 - root - INFO - test_002_plan_seat_xml--NULLSeatCode:0300000200900101
2018-09-21 16:41:41,938 - root - INFO - tearDown执行结束
2018-09-21 16:41:41,944 - root - INFO - setUp执行开始
2018-09-21 16:41:42,042 - root - INFO - test_003_lock_seat_xml--NULLOrderCode:1809211641220222
2018-09-21 16:41:42,046 - root - INFO - tearDown执行结束
2018-09-21 16:41:42,051 - root - INFO - setUp执行开始
2018-09-21 16:41:42,236 - root - INFO - test_004_confirm_SCTS_order--NULLPrintNo:0000000000683479VerifyCode:0000000000198081
2018-09-21 16:41:42,240 - root - INFO - tearDown执行结束
2018-09-21 16:41:42,246 - root - INFO - setUp执行开始
2018-09-21 16:41:42,286 - root - INFO - test_005_query_order_info--NULL
2018-09-21 16:41:42,292 - root - INFO - tearDown执行结束
2018-09-21 16:44:50,826 - root - INFO - ############################### START ###############################
2018-09-21 16:44:50,959 - root - INFO - test_001_search_show_plan--NULLSessionPlanCode:0518092100300875
2018-09-21 16:44:50,960 - root - INFO - ############################### END ###############################
2018-09-21 16:44:50,963 - root - INFO - ############################### START ###############################
2018-09-21 16:44:51,006 - root - INFO - test_002_plan_seat_xml--NULLSeatCode:0300000300100101
2018-09-21 16:44:51,007 - root - INFO - ############################### END ###############################
2018-09-21 16:44:51,009 - root - INFO - ############################### START ###############################
2018-09-21 16:44:51,038 - root - INFO - ############################### END ###############################
2018-09-21 16:44:51,039 - root - INFO - ############################### START ###############################
2018-09-21 16:44:51,069 - root - INFO - test_004_confirm_SCTS_order--订单所包含的影票中座位信息不存在PrintNo:NULLVerifyCode:NULL
2018-09-21 16:44:51,072 - root - INFO - ############################### END ###############################
2018-09-21 16:44:51,072 - root - INFO - ############################### START ###############################
2018-09-21 16:44:51,105 - root - INFO - test_005_take_ticket_confirm--没有找到影票或该影票已出票
2018-09-21 16:44:51,105 - root - INFO - ############################### END ###############################
2018-09-21 16:44:51,107 - root - INFO - ############################### START ###############################
2018-09-21 16:44:51,128 - root - INFO - test_006_query_take_ticket_info--根据取票号和验证码没有查到影票信息,取票号:NULL,验证码:NULL
2018-09-21 16:44:51,130 - root - INFO - ############################### END ###############################
2018-09-21 16:44:51,131 - root - INFO - ############################### START ###############################
2018-09-21 16:44:51,220 - root - INFO - test_001_search_show_plan--NULLSessionPlanCode:0518092000300871
2018-09-21 16:44:51,223 - root - INFO - ############################### END ###############################
2018-09-21 16:44:51,226 - root - INFO - ############################### START ###############################
2018-09-21 16:44:51,272 - root - INFO - test_002_plan_seat_xml--NULLSeatCode:0300000300800101
2018-09-21 16:44:51,273 - root - INFO - ############################### END ###############################
2018-09-21 16:44:51,275 - root - INFO - ############################### START ###############################
2018-09-21 16:44:51,345 - root - INFO - test_003_lock_seat_xml--NULLOrderCode:1809211644320229
2018-09-21 16:44:51,348 - root - INFO - ############################### END ###############################
2018-09-21 16:44:51,351 - root - INFO - ############################### START ###############################
2018-09-21 16:44:51,489 - root - INFO - test_004_confirmSCTS_order--NULL
2018-09-21 16:44:51,492 - root - INFO - ############################### END ###############################
2018-09-21 16:44:51,494 - root - INFO - ############################### START ###############################
2018-09-21 16:44:51,670 - root - INFO - test_005_refund_ticket--NULLPrintNo:0000000000172777VerifyCode:0000000000677861
2018-09-21 16:44:51,673 - root - INFO - ############################### END ###############################
2018-09-21 16:44:51,677 - root - INFO - ############################### START ###############################
2018-09-21 16:44:51,775 - root - INFO - test_001_search_show_plan--NULLSessionPlanCode:0518092000100869
2018-09-21 16:44:51,776 - root - INFO - ############################### END ###############################
2018-09-21 16:44:51,779 - root - INFO - ############################### START ###############################
2018-09-21 16:44:51,811 - root - INFO - test_002_plan_seat_xml--NULLSeatCode:0300000100200201
2018-09-21 16:44:51,812 - root - INFO - ############################### END ###############################
2018-09-21 16:44:51,813 - root - INFO - ############################### START ###############################
2018-09-21 16:44:51,872 - root - INFO - test_003_lock_seat_xml--NULLOrderCode:1809211644320232
2018-09-21 16:44:51,875 - root - INFO - ############################### END ###############################
2018-09-21 16:44:51,877 - root - INFO - ############################### START ###############################
2018-09-21 16:44:51,982 - root - INFO - test_004_confirmSCTS_order--NULL
2018-09-21 16:44:51,984 - root - INFO - ############################### END ###############################
2018-09-21 16:44:51,987 - root - INFO - ############################### START ###############################
2018-09-21 16:44:52,096 - root - INFO - test_005_refund_ticket--NULLPrintNo:0000000000760336VerifyCode:0000000000299200
2018-09-21 16:44:52,098 - root - INFO - ############################### END ###############################
2018-09-21 16:44:52,099 - root - INFO - ############################### START ###############################
2018-09-21 16:44:52,124 - root - INFO - test_006_second_refund_ticket--退票失败,取票号或验证码查不到影票信息PrintNo:0000000000760336VerifyCode:0000000000299200
2018-09-21 16:44:52,125 - root - INFO - ############################### END ###############################
2018-09-21 16:44:52,210 - root - INFO - test_001_search_show_plan--NULLSessionPlanCode:0518092000300871
2018-09-21 16:44:52,250 - root - INFO - test_002_plan_seat_xml--NULLSeatCode:0300000300800101
2018-09-21 16:44:52,308 - root - INFO - test_003_lock_seat_xml--NULLOrderCode:1809211644330239
2018-09-21 16:44:52,345 - root - INFO - test_004_release_seat_seatCode--解锁和锁座不是同一个订单号,锁:1809211644330239
2018-09-21 16:44:52,437 - root - INFO - test_001_search_show_plan--NULLSessionPlanCode:0518092000300871
2018-09-21 16:44:52,489 - root - INFO - test_002_plan_seat_xml--NULLSeatCode:0300000300900101
2018-09-21 16:44:52,575 - root - INFO - test_003_lock_seat_xml--NULLOrderCode:1809211644330242
2018-09-21 16:44:52,609 - root - INFO - test_004_release_seat_seatCode--座位不能解锁，座位状态是未选定
2018-09-21 16:44:52,711 - root - INFO - test_001_search_show_plan--NULLSessionPlanCode:0518092000200870
2018-09-21 16:44:52,746 - root - INFO - test_002_plan_seat_xml--NULLSeatCode:0300000201000101
2018-09-21 16:44:52,806 - root - INFO - test_003_lock_seat_xml--NULLOrderCode:1809211644330248
2018-09-21 16:44:52,828 - root - INFO - test_004_release_seat_seatCode--无效的放映计划编码
2018-09-21 16:44:52,917 - root - INFO - test_001_search_show_plan--NULLSessionPlanCode:0518092000100869
2018-09-21 16:44:52,963 - root - INFO - test_002_plan_seat_xml--NULLSeatCode:0300000100200201
2018-09-21 16:44:53,075 - root - INFO - test_003_lock_seat_xml--NULLOrderCode:1809211644330253
2018-09-21 16:44:53,165 - root - INFO - test_004_confirmSCTS_order--NULL
2018-09-21 16:44:53,168 - root - INFO - ############################### START ###############################
2018-09-21 16:44:53,200 - root - INFO - test_001_search_show_plan--NULLSessionPlanCode:001108402017
2018-09-21 16:44:53,203 - root - INFO - ############################### END ###############################
2018-09-21 16:44:53,204 - root - INFO - ############################### START ###############################
2018-09-21 16:44:53,288 - root - INFO - test_001_search_show_plan--NULLSessionPlanCode:0518092100300875
2018-09-21 16:44:53,289 - root - INFO - ############################### END ###############################
2018-09-21 16:44:53,289 - root - INFO - ############################### START ###############################
2018-09-21 16:44:53,375 - root - INFO - test_002_query_ticket_type--NULLSessionPlanCode:0518092000300871
2018-09-21 16:44:53,378 - root - INFO - ############################### END ###############################
2018-09-21 16:44:53,381 - root - INFO - ############################### START ###############################
2018-09-21 16:44:53,482 - root - INFO - test_001_search_show_plan--NULLSessionPlanCode:0518092100300875
2018-09-21 16:44:53,483 - root - INFO - ############################### END ###############################
2018-09-21 16:44:53,486 - root - INFO - ############################### START ###############################
2018-09-21 16:44:53,536 - root - INFO - test_002_plan_seat_xml--NULLSeatCode:0300000300100101
2018-09-21 16:44:53,538 - root - INFO - ############################### END ###############################
2018-09-21 16:44:53,539 - root - INFO - ############################### START ###############################
2018-09-21 16:44:53,628 - root - INFO - test_001_no_show_plan--NULLSessionPlanCode:0518092000100869
2018-09-21 16:44:53,631 - root - INFO - ############################### END ###############################
2018-09-21 16:44:53,634 - root - INFO - ############################### START ###############################
2018-09-21 16:44:53,663 - root - INFO - ############################### END ###############################
2018-09-21 16:44:53,664 - root - INFO - ############################### START ###############################
2018-09-21 16:44:53,759 - root - INFO - test_001_search_show_plan--NULLSessionPlanCode:0518092100100876
2018-09-21 16:44:53,759 - root - INFO - ############################### END ###############################
2018-09-21 16:44:53,762 - root - INFO - ############################### START ###############################
2018-09-21 16:44:53,790 - root - INFO - test_002_plan_seat_xml--NULLSeatCode:0300000100400101
2018-09-21 16:44:53,792 - root - INFO - ############################### END ###############################
2018-09-21 16:44:53,792 - root - INFO - ############################### START ###############################
2018-09-21 16:44:53,861 - root - INFO - test_003_lock_seat_xml--NULLOrderCode:1809211644340256
2018-09-21 16:44:53,864 - root - INFO - ############################### END ###############################
2018-09-21 16:44:53,867 - root - INFO - ############################### START ###############################
2018-09-21 16:44:53,967 - root - INFO - test_004_confirm_SCTS_order--NULLPrintNo:0000000000982296VerifyCode:0000000000675075
2018-09-21 16:44:53,970 - root - INFO - ############################### END ###############################
2018-09-21 16:44:53,973 - root - INFO - ############################### START ###############################
2018-09-21 16:44:54,006 - root - INFO - test_005_query_order_info--该订单不存在,orderNo:9999211551430054
2018-09-21 16:44:54,009 - root - INFO - ############################### END ###############################
2018-09-21 16:44:54,012 - root - INFO - ############################### START ###############################
2018-09-21 16:44:54,111 - root - INFO - test_001_search_show_plan--NULLSessionPlanCode:0518092000300871
2018-09-21 16:44:54,115 - root - INFO - ############################### END ###############################
2018-09-21 16:44:54,118 - root - INFO - ############################### START ###############################
2018-09-21 16:44:54,171 - root - INFO - test_002_plan_seat_xml--NULLSeatCode:0300000301000101
2018-09-21 16:44:54,174 - root - INFO - ############################### END ###############################
2018-09-21 16:44:54,174 - root - INFO - ############################### START ###############################
2018-09-21 16:44:54,243 - root - INFO - test_003_lock_seat_xml--NULLOrderCode:1809211644350264
2018-09-21 16:44:54,246 - root - INFO - ############################### END ###############################
2018-09-21 16:44:54,247 - root - INFO - ############################### START ###############################
2018-09-21 16:44:54,334 - root - INFO - test_004_confirm_SCTS_order--NULLPrintNo:0000000000684694VerifyCode:0000000000449178
2018-09-21 16:44:54,335 - root - INFO - ############################### END ###############################
2018-09-21 16:44:54,336 - root - INFO - ############################### START ###############################
2018-09-21 16:44:54,362 - root - INFO - test_005_query_order_info--NULL
2018-09-21 16:44:54,365 - root - INFO - ############################### END ###############################
2018-09-21 16:45:47,581 - root - INFO - test_001_search_show_plan--NULLSessionPlanCode:0518092100100876
2018-09-21 16:45:47,618 - root - INFO - test_002_plan_seat_xml--NULLSeatCode:0300000100500101
2018-09-21 16:45:47,703 - root - INFO - test_003_lock_seat_xml--NULLOrderCode:1809211645280266
2018-09-21 16:45:47,803 - root - INFO - test_004_confirm_SCTS_order--NULLPrintNo:0000000000176570VerifyCode:0000000000168937
2018-09-21 16:45:47,868 - root - INFO - test_005_take_ticket_confirm--NULL
2018-09-21 16:45:48,155 - root - INFO - test_006_query_take_ticket_info--NULL
2018-09-21 16:45:48,243 - root - INFO - test_001_search_show_plan--NULLSessionPlanCode:0518092100100876
2018-09-21 16:45:48,276 - root - INFO - test_002_plan_seat_xml--NULLSeatCode:0300000100600101
2018-09-21 16:45:48,414 - root - INFO - test_003_lock_seat_xml--NULLOrderCode:1809211645290269
2018-09-21 16:45:48,503 - root - INFO - test_004_confirmSCTS_order--NULL
2018-09-21 16:45:48,579 - root - INFO - test_005_refund_ticket--NULLPrintNo:0000000000415801VerifyCode:0000000000392219
2018-09-21 16:45:48,684 - root - INFO - test_001_search_show_plan--NULLSessionPlanCode:0518092000200870
2018-09-21 16:45:48,726 - root - INFO - test_002_plan_seat_xml--NULLSeatCode:0300000200100201
2018-09-21 16:45:48,815 - root - INFO - test_003_lock_seat_xml--NULLOrderCode:1809211645290278
2018-09-21 16:45:48,904 - root - INFO - test_004_confirmSCTS_order--NULL
2018-09-21 16:45:48,980 - root - INFO - test_005_refund_ticket--NULLPrintNo:0000000000229405VerifyCode:0000000000116677
2018-09-21 16:45:49,016 - root - INFO - test_006_second_refund_ticket--退票失败,取票号或验证码查不到影票信息PrintNo:0000000000229405VerifyCode:0000000000116677
2018-09-21 16:45:49,105 - root - INFO - test_001_search_show_plan--NULLSessionPlanCode:0518092000200870
2018-09-21 16:45:49,144 - root - INFO - test_002_plan_seat_xml--NULLSeatCode:0300000200100201
2018-09-21 16:45:49,221 - root - INFO - test_003_lock_seat_xml--NULLOrderCode:1809211645300280
2018-09-21 16:45:49,244 - root - INFO - test_004_release_seat_seatCode--解锁和锁座不是同一个订单号,锁:1809211645300280
2018-09-21 16:45:49,331 - root - INFO - test_001_search_show_plan--NULLSessionPlanCode:0518092100100876
2018-09-21 16:45:49,365 - root - INFO - test_002_plan_seat_xml--NULLSeatCode:0300000100600101
2018-09-21 16:45:49,440 - root - INFO - test_003_lock_seat_xml--NULLOrderCode:1809211645300281
2018-09-21 16:45:49,470 - root - INFO - test_004_release_seat_seatCode--座位不能解锁，座位状态是未选定
2018-09-21 16:45:49,562 - root - INFO - test_001_search_show_plan--NULLSessionPlanCode:0518092000100869
2018-09-21 16:45:49,608 - root - INFO - test_002_plan_seat_xml--NULLSeatCode:0300000100200201
2018-09-21 16:45:49,742 - root - INFO - test_003_lock_seat_xml--NULLOrderCode:1809211645300285
2018-09-21 16:45:49,773 - root - INFO - test_004_release_seat_seatCode--无效的放映计划编码
2018-09-21 16:45:49,875 - root - INFO - test_001_search_show_plan--NULLSessionPlanCode:0518092100300875
2018-09-21 16:45:49,936 - root - INFO - test_002_plan_seat_xml--NULLSeatCode:0300000300100101
2018-09-21 16:45:49,963 - root - INFO - test_003_lock_seat_xml--该场次已过网上允许销售的时间,截止售票(分钟):5OrderCode:NULL
2018-09-21 16:45:49,986 - root - INFO - test_004_confirmSCTS_order--座位不能解锁，座位状态是未选定
2018-09-21 16:45:50,016 - root - INFO - test_001_search_show_plan--NULLSessionPlanCode:001108402017
2018-09-21 16:45:50,114 - root - INFO - test_001_search_show_plan--NULLSessionPlanCode:0518092000200870
2018-09-21 16:45:50,213 - root - INFO - test_002_query_ticket_type--NULLSessionPlanCode:0518092100300875
2018-09-21 16:45:50,309 - root - INFO - test_001_search_show_plan--NULLSessionPlanCode:0518092000200870
2018-09-21 16:45:50,338 - root - INFO - test_002_plan_seat_xml--NULLSeatCode:0300000200200201
2018-09-21 16:45:50,427 - root - INFO - test_001_no_show_plan--NULLSessionPlanCode:0518092100100876
2018-09-21 16:45:50,549 - root - INFO - test_001_search_show_plan--NULLSessionPlanCode:0518092000200870
2018-09-21 16:45:50,595 - root - INFO - test_002_plan_seat_xml--NULLSeatCode:0300000200200201
2018-09-21 16:45:50,693 - root - INFO - test_003_lock_seat_xml--NULLOrderCode:1809211645310292
2018-09-21 16:45:50,802 - root - INFO - test_004_confirm_SCTS_order--NULLPrintNo:0000000000894978VerifyCode:0000000000767555
2018-09-21 16:45:50,838 - root - INFO - test_005_query_order_info--该订单不存在,orderNo:9999211551430054
2018-09-21 16:45:50,937 - root - INFO - test_001_search_show_plan--NULLSessionPlanCode:0518092000200870
2018-09-21 16:45:50,980 - root - INFO - test_002_plan_seat_xml--NULLSeatCode:0300000200300201
2018-09-21 16:45:51,095 - root - INFO - test_003_lock_seat_xml--NULLOrderCode:1809211645310301
2018-09-21 16:45:51,203 - root - INFO - test_004_confirm_SCTS_order--NULLPrintNo:0000000000868280VerifyCode:0000000000600872
2018-09-21 16:45:51,242 - root - INFO - test_005_query_order_info--NULL
2018-09-21 16:47:32,553 - root - INFO - test_001_search_show_plan--NULLSessionPlanCode:0518092000100869
2018-09-21 16:47:32,602 - root - INFO - test_002_plan_seat_xml--NULLSeatCode:0300000101000101
2018-09-21 16:47:32,683 - root - INFO - test_003_lock_seat_xml--NULLOrderCode:1809211647130309
2018-09-21 16:47:32,775 - root - INFO - test_004_confirm_SCTS_order--NULLPrintNo:0000000000667175VerifyCode:0000000000470518
2018-09-21 16:47:32,855 - root - INFO - test_005_take_ticket_confirm--NULL
2018-09-21 16:47:33,210 - root - INFO - test_006_query_take_ticket_info--NULL
2018-09-21 16:47:33,312 - root - INFO - test_001_search_show_plan--NULLSessionPlanCode:0518092000300871
2018-09-21 16:47:33,365 - root - INFO - test_002_plan_seat_xml--NULLSeatCode:0300000300300101
2018-09-21 16:47:33,453 - root - INFO - test_003_lock_seat_xml--NULLOrderCode:1809211647140311
2018-09-21 16:47:33,566 - root - INFO - test_004_confirmSCTS_order--NULL
2018-09-21 16:47:33,676 - root - INFO - test_005_refund_ticket--NULLPrintNo:0000000000991787VerifyCode:0000000000878683
2018-09-21 16:47:33,772 - root - INFO - test_001_search_show_plan--NULLSessionPlanCode:0518092000300871
2018-09-21 16:47:33,809 - root - INFO - test_002_plan_seat_xml--NULLSeatCode:0300000300300101
2018-09-21 16:47:33,882 - root - INFO - test_003_lock_seat_xml--NULLOrderCode:1809211647140316
2018-09-21 16:47:33,976 - root - INFO - test_004_confirmSCTS_order--NULL
2018-09-21 16:47:34,085 - root - INFO - test_005_refund_ticket--NULLPrintNo:0000000000265865VerifyCode:0000000000702199
2018-09-21 16:47:34,121 - root - INFO - test_006_second_refund_ticket--退票失败,取票号或验证码查不到影票信息PrintNo:0000000000265865VerifyCode:0000000000702199
2018-09-21 16:47:34,221 - root - INFO - test_001_search_show_plan--NULLSessionPlanCode:0518092000300871
2018-09-21 16:47:34,289 - root - INFO - test_002_plan_seat_xml--NULLSeatCode:0300000300300101
2018-09-21 16:47:34,351 - root - INFO - test_003_lock_seat_xml--NULLOrderCode:1809211647150326
2018-09-21 16:47:34,374 - root - INFO - test_004_release_seat_seatCode--解锁和锁座不是同一个订单号,锁:1809211647150326
2018-09-21 16:47:34,459 - root - INFO - test_001_search_show_plan--NULLSessionPlanCode:0518092100300875
2018-09-21 16:47:34,503 - root - INFO - test_002_plan_seat_xml--NULLSeatCode:0300000300100101
2018-09-21 16:47:34,533 - root - INFO - test_003_lock_seat_xml--该场次已过网上允许销售的时间,截止售票(分钟):5OrderCode:NULL
2018-09-21 16:47:34,559 - root - INFO - test_004_release_seat_seatCode--座位不能解锁，座位状态是未选定
2018-09-21 16:47:34,648 - root - INFO - test_001_search_show_plan--NULLSessionPlanCode:0518092100300875
2018-09-21 16:47:34,694 - root - INFO - test_002_plan_seat_xml--NULLSeatCode:0300000300100101
2018-09-21 16:47:34,724 - root - INFO - test_003_lock_seat_xml--该场次已过网上允许销售的时间,截止售票(分钟):5OrderCode:NULL
2018-09-21 16:47:34,746 - root - INFO - test_004_release_seat_seatCode--无效的放映计划编码
2018-09-21 16:47:34,842 - root - INFO - test_001_search_show_plan--NULLSessionPlanCode:0518092100300875
2018-09-21 16:47:34,898 - root - INFO - test_002_plan_seat_xml--NULLSeatCode:0300000300100101
2018-09-21 16:47:34,931 - root - INFO - test_003_lock_seat_xml--该场次已过网上允许销售的时间,截止售票(分钟):5OrderCode:NULL
2018-09-21 16:47:34,960 - root - INFO - test_004_confirmSCTS_order--座位不能解锁，座位状态是未选定
2018-09-21 16:47:34,996 - root - INFO - test_001_search_show_plan--NULLSessionPlanCode:001108402017
2018-09-21 16:47:35,089 - root - INFO - test_001_search_show_plan--NULLSessionPlanCode:0518092100100876
2018-09-21 16:47:35,184 - root - INFO - test_002_query_ticket_type--NULLSessionPlanCode:0518092100100876
2018-09-21 16:47:35,296 - root - INFO - test_001_search_show_plan--NULLSessionPlanCode:0518092000100869
2018-09-21 16:47:35,336 - root - INFO - test_002_plan_seat_xml--NULLSeatCode:0300000100300201
2018-09-21 16:47:35,430 - root - INFO - test_001_no_show_plan--NULLSessionPlanCode:0518092000300871
2018-09-21 16:47:35,556 - root - INFO - test_001_search_show_plan--NULLSessionPlanCode:0518092000200870
2018-09-21 16:47:35,589 - root - INFO - test_002_plan_seat_xml--NULLSeatCode:0300000200400201
2018-09-21 16:47:35,677 - root - INFO - test_003_lock_seat_xml--NULLOrderCode:1809211647160334
2018-09-21 16:47:35,762 - root - INFO - test_004_confirm_SCTS_order--NULLPrintNo:0000000000951871VerifyCode:0000000000968582
2018-09-21 16:47:35,792 - root - INFO - test_005_query_order_info--该订单不存在,orderNo:9999211551430054
2018-09-21 16:47:35,881 - root - INFO - test_001_search_show_plan--NULLSessionPlanCode:0518092000300871
2018-09-21 16:47:35,946 - root - INFO - test_002_plan_seat_xml--NULLSeatCode:0300000301100101
2018-09-21 16:47:36,055 - root - INFO - test_003_lock_seat_xml--NULLOrderCode:1809211647160344
2018-09-21 16:47:36,203 - root - INFO - test_004_confirm_SCTS_order--NULLPrintNo:0000000000441088VerifyCode:0000000000113160
2018-09-21 16:47:36,243 - root - INFO - test_005_query_order_info--NULL
2018-09-21 16:48:01,875 - root - INFO - test_001_search_show_plan--NULLSessionPlanCode:0518092000200870
2018-09-21 16:48:01,905 - root - INFO - test_002_plan_seat_xml--NULLSeatCode:0300000200500201
2018-09-21 16:48:01,990 - root - INFO - test_003_lock_seat_xml--NULLOrderCode:1809211647420346
2018-09-21 16:48:02,134 - root - INFO - test_004_confirm_SCTS_order--NULLPrintNo:0000000000571659VerifyCode:0000000000170802
2018-09-21 16:48:02,198 - root - INFO - test_005_take_ticket_confirm--NULL
2018-09-21 16:48:02,463 - root - INFO - test_006_query_take_ticket_info--NULL
2018-09-21 16:48:02,559 - root - INFO - test_001_search_show_plan--NULLSessionPlanCode:0518092000100869
2018-09-21 16:48:02,599 - root - INFO - test_002_plan_seat_xml--NULLSeatCode:0300000100300201
2018-09-21 16:48:02,710 - root - INFO - test_003_lock_seat_xml--NULLOrderCode:1809211647430352
2018-09-21 16:48:02,851 - root - INFO - test_004_confirmSCTS_order--NULL
2018-09-21 16:48:02,984 - root - INFO - test_005_refund_ticket--NULLPrintNo:0000000000457847VerifyCode:0000000000280737
2018-09-21 16:48:03,066 - root - INFO - test_001_search_show_plan--NULLSessionPlanCode:0518092000300871
2018-09-21 16:48:03,105 - root - INFO - test_002_plan_seat_xml--NULLSeatCode:0300000301200101
2018-09-21 16:48:03,187 - root - INFO - test_003_lock_seat_xml--NULLOrderCode:1809211647430359
2018-09-21 16:48:03,369 - root - INFO - test_004_confirmSCTS_order--NULL
2018-09-21 16:48:03,494 - root - INFO - test_005_refund_ticket--NULLPrintNo:0000000000623769VerifyCode:0000000000289627
2018-09-21 16:48:03,533 - root - INFO - test_006_second_refund_ticket--退票失败,取票号或验证码查不到影票信息PrintNo:0000000000623769VerifyCode:0000000000289627
2018-09-21 16:48:03,631 - root - INFO - test_001_search_show_plan--NULLSessionPlanCode:0518092000300871
2018-09-21 16:48:03,697 - root - INFO - test_002_plan_seat_xml--NULLSeatCode:0300000301200101
2018-09-21 16:48:03,770 - root - INFO - test_003_lock_seat_xml--NULLOrderCode:1809211647440361
2018-09-21 16:48:03,808 - root - INFO - test_004_release_seat_seatCode--解锁和锁座不是同一个订单号,锁:1809211647440361
2018-09-21 16:48:03,901 - root - INFO - test_001_search_show_plan--NULLSessionPlanCode:0518092000300871
2018-09-21 16:48:03,951 - root - INFO - test_002_plan_seat_xml--NULLSeatCode:0300000301300101
2018-09-21 16:48:04,061 - root - INFO - test_003_lock_seat_xml--NULLOrderCode:1809211647440364
2018-09-21 16:48:04,088 - root - INFO - test_004_release_seat_seatCode--座位不能解锁，座位状态是未选定
2018-09-21 16:48:04,181 - root - INFO - test_001_search_show_plan--NULLSessionPlanCode:0518092100100876
2018-09-21 16:48:04,210 - root - INFO - test_002_plan_seat_xml--NULLSeatCode:0300000100700101
2018-09-21 16:48:04,289 - root - INFO - test_003_lock_seat_xml--NULLOrderCode:1809211647450367
2018-09-21 16:48:04,319 - root - INFO - test_004_release_seat_seatCode--无效的放映计划编码
2018-09-21 16:48:04,408 - root - INFO - test_001_search_show_plan--NULLSessionPlanCode:0518092100300875
2018-09-21 16:48:04,476 - root - INFO - test_002_plan_seat_xml--NULLSeatCode:0300000300100101
2018-09-21 16:48:04,515 - root - INFO - test_003_lock_seat_xml--该场次已过网上允许销售的时间,截止售票(分钟):5OrderCode:NULL
2018-09-21 16:48:04,546 - root - INFO - test_004_confirmSCTS_order--座位不能解锁，座位状态是未选定
2018-09-21 16:48:04,584 - root - INFO - test_001_search_show_plan--NULLSessionPlanCode:001108402017
2018-09-21 16:48:04,678 - root - INFO - test_001_search_show_plan--NULLSessionPlanCode:0518092000300871
2018-09-21 16:48:04,775 - root - INFO - test_002_query_ticket_type--NULLSessionPlanCode:0518092100100876
2018-09-21 16:48:04,875 - root - INFO - test_001_search_show_plan--NULLSessionPlanCode:0518092100300875
2018-09-21 16:48:04,934 - root - INFO - test_002_plan_seat_xml--NULLSeatCode:0300000300100101
2018-09-21 16:48:05,029 - root - INFO - test_001_no_show_plan--NULLSessionPlanCode:0518092100100876
2018-09-21 16:48:05,158 - root - INFO - test_001_search_show_plan--NULLSessionPlanCode:0518092000100869
2018-09-21 16:48:05,194 - root - INFO - test_002_plan_seat_xml--NULLSeatCode:0300000100300201
2018-09-21 16:48:05,288 - root - INFO - test_003_lock_seat_xml--NULLOrderCode:1809211647460374
2018-09-21 16:48:05,372 - root - INFO - test_004_confirm_SCTS_order--NULLPrintNo:0000000000824166VerifyCode:0000000000494785
2018-09-21 16:48:05,404 - root - INFO - test_005_query_order_info--该订单不存在,orderNo:9999211551430054
2018-09-21 16:48:05,496 - root - INFO - test_001_search_show_plan--NULLSessionPlanCode:0518092100100876
2018-09-21 16:48:05,539 - root - INFO - test_002_plan_seat_xml--NULLSeatCode:0300000100800101
2018-09-21 16:48:05,660 - root - INFO - test_003_lock_seat_xml--NULLOrderCode:1809211647460378
2018-09-21 16:48:05,773 - root - INFO - test_004_confirm_SCTS_order--NULLPrintNo:0000000000315429VerifyCode:0000000000476328
2018-09-21 16:48:05,812 - root - INFO - test_005_query_order_info--NULL
2018-09-21 16:48:47,403 - root - INFO - test_001_search_show_plan--NULLSessionPlanCode:0518092000300871
2018-09-21 16:48:47,467 - root - INFO - test_002_plan_seat_xml--NULLSeatCode:0300000301500101
2018-09-21 16:48:47,569 - root - INFO - test_003_lock_seat_xml--NULLOrderCode:1809211648280384
2018-09-21 16:48:47,713 - root - INFO - test_004_confirm_SCTS_order--NULLPrintNo:0000000000723974VerifyCode:0000000000624058
2018-09-21 16:48:47,785 - root - INFO - test_005_take_ticket_confirm--NULL
2018-09-21 16:48:48,078 - root - INFO - test_006_query_take_ticket_info--NULL
2018-09-21 16:48:48,177 - root - INFO - test_001_search_show_plan--NULLSessionPlanCode:0518092000200870
2018-09-21 16:48:48,213 - root - INFO - test_002_plan_seat_xml--NULLSeatCode:0300000200600201
2018-09-21 16:48:48,328 - root - INFO - test_003_lock_seat_xml--NULLOrderCode:1809211648290387
2018-09-21 16:48:48,503 - root - INFO - test_004_confirmSCTS_order--NULL
2018-09-21 16:48:48,694 - root - INFO - test_005_refund_ticket--NULLPrintNo:0000000000266892VerifyCode:0000000000616472
2018-09-21 16:48:48,796 - root - INFO - test_001_search_show_plan--NULLSessionPlanCode:0518092100300875
2018-09-21 16:48:48,844 - root - INFO - test_002_plan_seat_xml--NULLSeatCode:0300000300100101
2018-09-21 16:48:48,874 - root - INFO - test_003_lock_seat_xml--该场次已过网上允许销售的时间,截止售票(分钟):5OrderCode:NULL
2018-09-21 16:48:48,910 - root - INFO - test_004_confirmSCTS_order--订单所包含的影票中座位信息不存在
2018-09-21 16:48:48,936 - root - INFO - test_005_refund_ticket--退票失败,取票号或验证码查不到影票信息PrintNo:NULLVerifyCode:NULL
2018-09-21 16:48:48,963 - root - INFO - test_006_second_refund_ticket--退票失败,取票号或验证码查不到影票信息PrintNo:NULLVerifyCode:NULL
2018-09-21 16:48:49,049 - root - INFO - test_001_search_show_plan--NULLSessionPlanCode:0518092000300871
2018-09-21 16:48:49,095 - root - INFO - test_002_plan_seat_xml--NULLSeatCode:0300000301600101
2018-09-21 16:48:49,171 - root - INFO - test_003_lock_seat_xml--NULLOrderCode:1809211648290391
2018-09-21 16:48:49,203 - root - INFO - test_004_release_seat_seatCode--解锁和锁座不是同一个订单号,锁:1809211648290391
2018-09-21 16:48:49,296 - root - INFO - test_001_search_show_plan--NULLSessionPlanCode:0518092000200870
2018-09-21 16:48:49,338 - root - INFO - test_002_plan_seat_xml--NULLSeatCode:0300000200600201
2018-09-21 16:48:49,454 - root - INFO - test_003_lock_seat_xml--NULLOrderCode:1809211648300393
2018-09-21 16:48:49,484 - root - INFO - test_004_release_seat_seatCode--座位不能解锁，座位状态是未选定
2018-09-21 16:48:49,572 - root - INFO - test_001_search_show_plan--NULLSessionPlanCode:0518092000100869
2018-09-21 16:48:49,605 - root - INFO - test_002_plan_seat_xml--NULLSeatCode:0300000100400201
2018-09-21 16:48:49,690 - root - INFO - test_003_lock_seat_xml--NULLOrderCode:1809211648300395
2018-09-21 16:48:49,717 - root - INFO - test_004_release_seat_seatCode--无效的放映计划编码
2018-09-21 16:48:49,811 - root - INFO - test_001_search_show_plan--NULLSessionPlanCode:0518092000300871
2018-09-21 16:48:49,865 - root - INFO - test_002_plan_seat_xml--NULLSeatCode:0300000301700101
2018-09-21 16:48:49,980 - root - INFO - test_003_lock_seat_xml--NULLOrderCode:1809211648300399
2018-09-21 16:48:50,063 - root - INFO - test_004_confirmSCTS_order--NULL
2018-09-21 16:48:50,101 - root - INFO - test_001_search_show_plan--NULLSessionPlanCode:001108402017
2018-09-21 16:48:50,184 - root - INFO - test_001_search_show_plan--NULLSessionPlanCode:0518092000200870
2018-09-21 16:48:50,276 - root - INFO - test_002_query_ticket_type--NULLSessionPlanCode:0518092000100869
2018-09-21 16:48:50,361 - root - INFO - test_001_search_show_plan--NULLSessionPlanCode:0518092100300875
2018-09-21 16:48:50,398 - root - INFO - test_002_plan_seat_xml--NULLSeatCode:0300000300100101
2018-09-21 16:48:50,483 - root - INFO - test_001_no_show_plan--NULLSessionPlanCode:0518092000200870
2018-09-21 16:48:50,596 - root - INFO - test_001_search_show_plan--NULLSessionPlanCode:0518092000300871
2018-09-21 16:48:50,653 - root - INFO - test_002_plan_seat_xml--NULLSeatCode:0300000301700101
2018-09-21 16:48:50,776 - root - INFO - test_003_lock_seat_xml--NULLOrderCode:1809211648310407
2018-09-21 16:48:50,898 - root - INFO - test_004_confirm_SCTS_order--NULLPrintNo:0000000000990941VerifyCode:0000000000881352
2018-09-21 16:48:50,931 - root - INFO - test_005_query_order_info--该订单不存在,orderNo:9999211551430054
2018-09-21 16:48:51,028 - root - INFO - test_001_search_show_plan--NULLSessionPlanCode:0518092000200870
2018-09-21 16:48:51,072 - root - INFO - test_002_plan_seat_xml--NULLSeatCode:0300000200700201
2018-09-21 16:48:51,270 - root - INFO - test_003_lock_seat_xml--NULLOrderCode:1809211648310413
2018-09-21 16:48:51,375 - root - INFO - test_004_confirm_SCTS_order--NULLPrintNo:0000000000456402VerifyCode:0000000000398491
2018-09-21 16:48:51,411 - root - INFO - test_005_query_order_info--NULL
2018-09-21 16:59:59,849 - root - INFO - test_001_search_show_plan--NULLSessionPlanCode:0518092000300871
2018-09-21 16:59:59,898 - root - INFO - test_002_plan_seat_xml--NULLSeatCode:0300000300600101
2018-09-21 16:59:59,983 - root - INFO - test_003_lock_seat_xml--NULLOrderCode:1809211659400416
2018-09-21 17:00:00,075 - root - INFO - test_004_confirm_SCTS_order--NULLPrintNo:0000000000342996VerifyCode:0000000000741400
2018-09-21 17:00:00,148 - root - INFO - test_005_take_ticket_confirm--NULL
2018-09-21 17:00:00,384 - root - INFO - test_006_query_take_ticket_info--NULL
2018-09-21 17:00:00,476 - root - INFO - test_001_search_show_plan--NULLSessionPlanCode:0518092000100869
2018-09-21 17:00:00,506 - root - INFO - test_002_plan_seat_xml--NULLSeatCode:0300000100100201
2018-09-21 17:00:00,651 - root - INFO - test_003_lock_seat_xml--NULLOrderCode:1809211659410418
2018-09-21 17:00:00,752 - root - INFO - test_004_confirmSCTS_order--NULL
2018-09-21 17:00:00,868 - root - INFO - test_005_refund_ticket--NULLPrintNo:0000000000991030VerifyCode:0000000000416077
2018-09-21 17:00:00,966 - root - INFO - test_001_search_show_plan--NULLSessionPlanCode:0518092000300871
2018-09-21 17:00:01,029 - root - INFO - test_002_plan_seat_xml--NULLSeatCode:0300000300700101
2018-09-21 17:00:01,118 - root - INFO - test_003_lock_seat_xml--NULLOrderCode:1809211659410422
2018-09-21 17:00:01,209 - root - INFO - test_004_confirmSCTS_order--NULL
2018-09-21 17:00:01,311 - root - INFO - test_005_refund_ticket--NULLPrintNo:0000000000521375VerifyCode:0000000000280074
2018-09-21 17:00:01,342 - root - INFO - test_006_second_refund_ticket--退票失败,取票号或验证码查不到影票信息PrintNo:0000000000521375VerifyCode:0000000000280074
2018-09-21 17:00:01,438 - root - INFO - test_001_search_show_plan--NULLSessionPlanCode:0518092000200870
2018-09-21 17:00:01,476 - root - INFO - test_002_plan_seat_xml--NULLSeatCode:0300000200800201
2018-09-21 17:00:01,566 - root - INFO - test_003_lock_seat_xml--NULLOrderCode:1809211659420424
2018-09-21 17:00:01,598 - root - INFO - test_004_release_seat_seatCode--解锁和锁座不是同一个订单号,锁:1809211659420424
2018-09-21 17:00:01,688 - root - INFO - test_001_search_show_plan--NULLSessionPlanCode:0518092100100876
2018-09-21 17:00:01,726 - root - INFO - test_002_plan_seat_xml--NULLSeatCode:0300000100900101
2018-09-21 17:00:01,795 - root - INFO - test_003_lock_seat_xml--NULLOrderCode:1809211659420431
2018-09-21 17:00:01,825 - root - INFO - test_004_release_seat_seatCode--座位不能解锁，座位状态是未选定
2018-09-21 17:00:01,914 - root - INFO - test_001_search_show_plan--NULLSessionPlanCode:0518092000100869
2018-09-21 17:00:01,950 - root - INFO - test_002_plan_seat_xml--NULLSeatCode:0300000100100201
2018-09-21 17:00:02,053 - root - INFO - test_003_lock_seat_xml--NULLOrderCode:1809211659420434
2018-09-21 17:00:02,084 - root - INFO - test_004_release_seat_seatCode--无效的放映计划编码
2018-09-21 17:00:02,167 - root - INFO - test_001_search_show_plan--NULLSessionPlanCode:0518092000100869
2018-09-21 17:00:02,204 - root - INFO - test_002_plan_seat_xml--NULLSeatCode:0300000100500201
2018-09-21 17:00:02,278 - root - INFO - test_003_lock_seat_xml--NULLOrderCode:1809211659430444
2018-09-21 17:00:02,381 - root - INFO - test_004_confirmSCTS_order--NULL
2018-09-21 17:00:02,417 - root - INFO - test_001_search_show_plan--NULLSessionPlanCode:001108402017
2018-09-21 17:00:02,503 - root - INFO - test_001_search_show_plan--NULLSessionPlanCode:0518092000100869
2018-09-21 17:00:02,598 - root - INFO - test_002_query_ticket_type--NULLSessionPlanCode:0518092100100876
2018-09-21 17:00:02,704 - root - INFO - test_001_search_show_plan--NULLSessionPlanCode:0518092000200870
2018-09-21 17:00:02,746 - root - INFO - test_002_plan_seat_xml--NULLSeatCode:0300000200900201
2018-09-21 17:00:02,834 - root - INFO - test_001_no_show_plan--NULLSessionPlanCode:0518092000200870
2018-09-21 17:00:02,946 - root - INFO - test_001_search_show_plan--NULLSessionPlanCode:0518092000300871
2018-09-21 17:00:02,997 - root - INFO - test_002_plan_seat_xml--NULLSeatCode:0300000300700101
2018-09-21 17:00:03,071 - root - INFO - test_003_lock_seat_xml--NULLOrderCode:1809211659430451
2018-09-21 17:00:03,180 - root - INFO - test_004_confirm_SCTS_order--NULLPrintNo:0000000000162302VerifyCode:0000000000528378
2018-09-21 17:00:03,213 - root - INFO - test_005_query_order_info--该订单不存在,orderNo:9999211551430054
2018-09-21 17:00:03,299 - root - INFO - test_001_search_show_plan--NULLSessionPlanCode:0518092000100869
2018-09-21 17:00:03,331 - root - INFO - test_002_plan_seat_xml--NULLSeatCode:0300000100500201
2018-09-21 17:00:03,430 - root - INFO - test_003_lock_seat_xml--NULLOrderCode:1809211659440454
2018-09-21 17:00:03,506 - root - INFO - test_004_confirm_SCTS_order--NULLPrintNo:0000000000174035VerifyCode:0000000000110455
2018-09-21 17:00:03,543 - root - INFO - test_005_query_order_info--NULL
2018-09-21 17:08:05,194 - root - INFO - test_001_search_show_plan--NULLSessionPlanCode:0518092100100876
2018-09-21 17:08:05,233 - root - INFO - test_002_plan_seat_xml--NULLSeatCode:0300000100600101
2018-09-21 17:08:05,338 - root - INFO - test_003_lock_seat_xml--NULLOrderCode:1809211707460461
2018-09-21 17:08:05,430 - root - INFO - test_004_confirm_SCTS_order--NULLPrintNo:0000000000135365VerifyCode:0000000000394963
2018-09-21 17:08:05,496 - root - INFO - test_005_take_ticket_confirm--NULL
2018-09-21 17:08:05,822 - root - INFO - test_006_query_take_ticket_info--NULL
2018-09-21 17:08:05,918 - root - INFO - test_001_search_show_plan--NULLSessionPlanCode:0518092000200870
2018-09-21 17:08:05,959 - root - INFO - test_002_plan_seat_xml--NULLSeatCode:0300000201000101
2018-09-21 17:08:06,072 - root - INFO - test_003_lock_seat_xml--NULLOrderCode:1809211707460470
2018-09-21 17:08:06,210 - root - INFO - test_004_confirmSCTS_order--NULL
2018-09-21 17:08:06,323 - root - INFO - test_005_refund_ticket--NULLPrintNo:0000000000855956VerifyCode:0000000000404195
2018-09-21 17:08:06,418 - root - INFO - test_001_search_show_plan--NULLSessionPlanCode:0518092000300871
2018-09-21 17:08:06,477 - root - INFO - test_002_plan_seat_xml--NULLSeatCode:0300000300300101
2018-09-21 17:08:06,551 - root - INFO - test_003_lock_seat_xml--NULLOrderCode:1809211707470471
2018-09-21 17:08:06,740 - root - INFO - test_004_confirmSCTS_order--NULL
2018-09-21 17:08:06,875 - root - INFO - test_005_refund_ticket--NULLPrintNo:0000000000391788VerifyCode:0000000000449110
2018-09-21 17:08:06,908 - root - INFO - test_006_second_refund_ticket--退票失败,取票号或验证码查不到影票信息PrintNo:0000000000391788VerifyCode:0000000000449110
2018-09-21 17:08:07,002 - root - INFO - test_001_search_show_plan--NULLSessionPlanCode:0518092000200870
2018-09-21 17:08:07,045 - root - INFO - test_002_plan_seat_xml--NULLSeatCode:0300000201000101
2018-09-21 17:08:07,115 - root - INFO - test_003_lock_seat_xml--NULLOrderCode:1809211707470478
2018-09-21 17:08:07,137 - root - INFO - test_004_release_seat_seatCode--解锁和锁座不是同一个订单号,锁:1809211707470478
2018-09-21 17:08:07,217 - root - INFO - test_001_search_show_plan--NULLSessionPlanCode:0518092000200870
2018-09-21 17:08:07,257 - root - INFO - test_002_plan_seat_xml--NULLSeatCode:0300000200100201
2018-09-21 17:08:07,351 - root - INFO - test_003_lock_seat_xml--NULLOrderCode:1809211707480481
2018-09-21 17:08:07,381 - root - INFO - test_004_release_seat_seatCode--座位不能解锁，座位状态是未选定
2018-09-21 17:08:07,483 - root - INFO - test_001_search_show_plan--NULLSessionPlanCode:0518092100100876
2018-09-21 17:08:07,526 - root - INFO - test_002_plan_seat_xml--NULLSeatCode:0300000100700101
2018-09-21 17:08:07,601 - root - INFO - test_003_lock_seat_xml--NULLOrderCode:1809211707480491
2018-09-21 17:08:07,628 - root - INFO - test_004_release_seat_seatCode--无效的放映计划编码
2018-09-21 17:08:07,719 - root - INFO - test_001_search_show_plan--NULLSessionPlanCode:0518092000200870
2018-09-21 17:08:07,756 - root - INFO - test_002_plan_seat_xml--NULLSeatCode:0300000200600201
2018-09-21 17:08:07,835 - root - INFO - test_003_lock_seat_xml--NULLOrderCode:1809211707480494
2018-09-21 17:08:07,892 - root - INFO - test_004_confirmSCTS_order--NULL
2018-09-21 17:08:07,927 - root - INFO - test_001_search_show_plan--NULLSessionPlanCode:001108402017
2018-09-21 17:08:08,017 - root - INFO - test_001_search_show_plan--NULLSessionPlanCode:0518092000200870
2018-09-21 17:08:08,108 - root - INFO - test_002_query_ticket_type--NULLSessionPlanCode:0518092000100869
2018-09-21 17:08:08,207 - root - INFO - test_001_search_show_plan--NULLSessionPlanCode:0518092000300871
2018-09-21 17:08:08,247 - root - INFO - test_002_plan_seat_xml--NULLSeatCode:0300000300300101
2018-09-21 17:08:08,334 - root - INFO - test_001_no_show_plan--NULLSessionPlanCode:0518092000200870
2018-09-21 17:08:08,463 - root - INFO - test_001_search_show_plan--NULLSessionPlanCode:0518092100100876
2018-09-21 17:08:08,505 - root - INFO - test_002_plan_seat_xml--NULLSeatCode:0300000101000101
2018-09-21 17:08:08,602 - root - INFO - test_003_lock_seat_xml--NULLOrderCode:1809211707490504
2018-09-21 17:08:08,729 - root - INFO - test_004_confirm_SCTS_order--NULLPrintNo:0000000000401653VerifyCode:0000000000502467
2018-09-21 17:08:08,762 - root - INFO - test_005_query_order_info--该订单不存在,orderNo:9999211551430054
2018-09-21 17:08:08,855 - root - INFO - test_001_search_show_plan--NULLSessionPlanCode:0518092000200870
2018-09-21 17:08:08,900 - root - INFO - test_002_plan_seat_xml--NULLSeatCode:0300000200600201
2018-09-21 17:08:09,020 - root - INFO - test_003_lock_seat_xml--NULLOrderCode:1809211707490514
2018-09-21 17:08:09,111 - root - INFO - test_004_confirm_SCTS_order--NULLPrintNo:0000000000414884VerifyCode:0000000000493706
2018-09-21 17:08:09,151 - root - INFO - test_005_query_order_info--NULL
