2018-09-20 11:41:42,831 - root - INFO - test_001_search_show_plan--NULLSessionPlanCode:0518091801802479
2018-09-20 11:41:42,921 - root - INFO - test_002_plan_seat_xml--NULLSeatCode:0300001800100101
2018-09-20 11:41:43,269 - root - INFO - test_003_lock_seat_xml--NULLOrderCode:1809201141330539
2018-09-20 11:41:44,167 - root - INFO - test_004_confirmSCTS_order--NULL
2018-09-20 11:41:44,474 - root - INFO - test_005_refund_ticket--NULLPrintNo:0000000000301051VerifyCode:0000000000985603
2018-09-20 11:41:53,634 - root - INFO - test_001_search_show_plan--NULLSessionPlanCode:0518091801902486
2018-09-20 11:41:53,678 - root - INFO - test_002_plan_seat_xml--NULLSeatCode:0300001900100101
2018-09-20 11:41:53,733 - root - INFO - test_003_lock_seat_xml--NULLOrderCode:1809201141430544
2018-09-20 11:41:53,930 - root - INFO - test_004_confirmSCTS_order--NULL
2018-09-20 11:41:54,030 - root - INFO - test_005_refund_ticket--NULLPrintNo:0000000000282307VerifyCode:0000000000694882
2018-09-20 11:41:54,075 - root - INFO - test_006_second_refund_ticket--退票失败,取票号或验证码查不到影票信息PrintNo:0000000000282307VerifyCode:0000000000694882
2018-09-20 11:42:03,332 - root - INFO - test_001_search_show_plan--NULLSessionPlanCode:0518091801202410
2018-09-20 11:42:03,394 - root - INFO - test_002_plan_seat_xml--NULLSeatCode:0300001200100101
2018-09-20 11:42:03,444 - root - INFO - test_003_lock_seat_xml--NULLOrderCode:1809201141530554
2018-09-20 11:42:03,496 - root - INFO - test_004_release_seat_seatCode--解锁和锁座不是同一个订单号,锁:1809201141530554
2018-09-20 11:42:13,921 - root - INFO - test_001_search_show_plan--NULLSessionPlanCode:0518091800702367
2018-09-20 11:42:14,026 - root - INFO - test_002_plan_seat_xml--NULLSeatCode:0300000700100101
2018-09-20 11:42:14,082 - root - INFO - test_003_lock_seat_xml--NULLOrderCode:1809201142040557
2018-09-20 11:42:14,176 - root - INFO - test_004_release_seat_seatCode--座位不能解锁，座位状态是未选定
2018-09-20 11:42:25,187 - root - INFO - test_001_search_show_plan--NULLSessionPlanCode:0518091800902382
2018-09-20 11:42:25,247 - root - INFO - test_002_plan_seat_xml--NULLSeatCode:0300000900100101
2018-09-20 11:42:25,302 - root - INFO - test_003_lock_seat_xml--NULLOrderCode:1809201142150565
2018-09-20 11:42:25,332 - root - INFO - test_004_release_seat_seatCode--无效的放映计划编码
2018-09-20 11:42:35,321 - root - INFO - test_001_search_show_plan--NULLSessionPlanCode:0518091801202412
2018-09-20 11:42:35,381 - root - INFO - test_002_plan_seat_xml--NULLSeatCode:0300001200100101
2018-09-20 11:42:35,434 - root - INFO - test_003_lock_seat_xml--NULLOrderCode:1809201142250570
2018-09-20 11:42:35,470 - root - INFO - test_004_confirmSCTS_order--NULL
2018-09-20 11:42:44,704 - root - INFO - test_001_search_show_plan--NULLSessionPlanCode:0518091801402437
2018-09-20 11:42:44,750 - root - INFO - test_002_plan_seat_xml--NULLSeatCode:0300001400100101
2018-09-20 11:42:44,868 - root - INFO - test_003_lock_seat_xml--NULLOrderCode:1809201142350577
2018-09-20 11:42:45,088 - root - INFO - test_004_confirm_SCTS_order--NULLPrintNo:0000000000580340VerifyCode:0000000000897017
2018-09-20 11:42:45,138 - root - INFO - test_005_take_ticket_confirm--NULL
2018-09-20 11:42:54,417 - root - INFO - test_001_search_show_plan--NULLSessionPlanCode:0518091800102317
2018-09-20 11:42:54,460 - root - INFO - test_002_plan_seat_xml--NULLSeatCode:0300000100100101
2018-09-20 11:42:54,525 - root - INFO - test_003_lock_seat_xml--NULLOrderCode:1809201142440584
2018-09-20 11:42:54,750 - root - INFO - test_004_confirmSCTS_order--NULL
2018-09-20 11:42:54,855 - root - INFO - test_005_refund_ticket--NULLPrintNo:0000000000442889VerifyCode:0000000000502140
2018-09-20 11:43:04,532 - root - INFO - test_001_search_show_plan--NULLSessionPlanCode:0518091800802379
2018-09-20 11:43:04,585 - root - INFO - test_002_plan_seat_xml--NULLSeatCode:0300000800100101
2018-09-20 11:43:04,680 - root - INFO - test_003_lock_seat_xml--NULLOrderCode:1809201142540594
2018-09-20 11:43:04,967 - root - INFO - test_004_confirmSCTS_order--NULL
2018-09-20 11:43:05,091 - root - INFO - test_005_refund_ticket--NULLPrintNo:0000000000344703VerifyCode:0000000000847699
2018-09-20 11:43:05,134 - root - INFO - test_006_second_refund_ticket--退票失败,取票号或验证码查不到影票信息PrintNo:0000000000344703VerifyCode:0000000000847699
2018-09-20 11:43:14,934 - root - INFO - test_001_no_show_plan--NULLSessionPlanCode:0518091801102409
2018-09-20 16:01:50,617 - root - INFO - test_001_search_show_plan--NULLSessionPlanCode:0518091800402330
2018-09-20 16:01:50,687 - root - INFO - test_002_plan_seat_xml--NULLSeatCode:0300000400100101
2018-09-20 16:01:50,753 - root - INFO - test_003_lock_seat_xml--NULLOrderCode:1809201601410647
2018-09-20 16:01:50,871 - root - INFO - test_004_confirmSCTS_order--NULL
2018-09-20 16:01:50,976 - root - INFO - test_005_refund_ticket--NULLPrintNo:0000000000847455VerifyCode:0000000000248465
2018-09-20 16:01:58,882 - root - INFO - test_001_search_show_plan--NULLSessionPlanCode:0518091801702467
2018-09-20 16:01:58,941 - root - INFO - test_002_plan_seat_xml--NULLSeatCode:0300001700100101
2018-09-20 16:01:58,993 - root - INFO - test_003_lock_seat_xml--NULLOrderCode:1809201601490659
2018-09-20 16:01:59,130 - root - INFO - test_004_confirmSCTS_order--NULL
2018-09-20 16:01:59,197 - root - INFO - test_005_refund_ticket--NULLPrintNo:0000000000869456VerifyCode:0000000000213695
2018-09-20 16:01:59,237 - root - INFO - test_006_second_refund_ticket--退票失败,取票号或验证码查不到影票信息PrintNo:0000000000869456VerifyCode:0000000000213695
2018-09-20 16:02:07,092 - root - INFO - test_001_search_show_plan--NULLSessionPlanCode:0518091802002495
2018-09-20 16:02:07,148 - root - INFO - test_002_plan_seat_xml--NULLSeatCode:0300002000100101
2018-09-20 16:02:07,196 - root - INFO - test_003_lock_seat_xml--NULLOrderCode:1809201601570662
2018-09-20 16:02:07,224 - root - INFO - test_004_release_seat_seatCode--解锁和锁座不是同一个订单号,锁:1809201601570662
2018-09-20 16:02:14,605 - root - INFO - test_001_search_show_plan--NULLSessionPlanCode:0518091800502346
2018-09-20 16:02:14,673 - root - INFO - test_002_plan_seat_xml--NULLSeatCode:0300000500100101
2018-09-20 16:02:14,723 - root - INFO - test_003_lock_seat_xml--NULLOrderCode:1809201602050672
2018-09-20 16:02:14,766 - root - INFO - test_004_release_seat_seatCode--座位不能解锁，座位状态是未选定
2018-09-20 16:02:21,256 - root - INFO - test_001_search_show_plan--NULLSessionPlanCode:0518091800902387
2018-09-20 16:02:21,309 - root - INFO - test_002_plan_seat_xml--NULLSeatCode:0300000900100101
2018-09-20 16:02:21,358 - root - INFO - test_003_lock_seat_xml--NULLOrderCode:1809201602110676
2018-09-20 16:02:21,388 - root - INFO - test_004_release_seat_seatCode--无效的放映计划编码
2018-09-20 16:02:28,171 - root - INFO - test_001_search_show_plan--NULLSessionPlanCode:0518091800702369
2018-09-20 16:02:28,236 - root - INFO - test_002_plan_seat_xml--NULLSeatCode:0300000700100101
2018-09-20 16:02:28,309 - root - INFO - test_003_lock_seat_xml--NULLOrderCode:1809201602180683
2018-09-20 16:02:28,400 - root - INFO - test_004_confirmSCTS_order--NULL
2018-09-20 16:02:34,802 - root - INFO - test_001_search_show_plan--NULLSessionPlanCode:0518091800602358
2018-09-20 16:02:34,845 - root - INFO - test_002_plan_seat_xml--NULLSeatCode:0300000600100101
2018-09-20 16:02:34,934 - root - INFO - test_003_lock_seat_xml--NULLOrderCode:1809201602250685
2018-09-20 16:02:35,069 - root - INFO - test_004_confirm_SCTS_order--NULLPrintNo:0000000000844160VerifyCode:0000000000311423
2018-09-20 16:02:35,140 - root - INFO - test_005_take_ticket_confirm--NULL
2018-09-20 16:02:41,632 - root - INFO - test_001_search_show_plan--NULLSessionPlanCode:0518091801302427
2018-09-20 16:02:41,673 - root - INFO - test_002_plan_seat_xml--NULLSeatCode:0300001300100101
2018-09-20 16:02:41,737 - root - INFO - test_003_lock_seat_xml--NULLOrderCode:1809201602320694
2018-09-20 16:02:41,868 - root - INFO - test_004_confirmSCTS_order--NULL
2018-09-20 16:02:41,980 - root - INFO - test_005_refund_ticket--NULLPrintNo:0000000000385731VerifyCode:0000000000505798
2018-09-20 16:02:49,163 - root - INFO - test_001_search_show_plan--NULLSessionPlanCode:0518091801902486
2018-09-20 16:02:49,206 - root - INFO - test_002_plan_seat_xml--NULLSeatCode:0300001900100101
2018-09-20 16:02:49,252 - root - INFO - test_003_lock_seat_xml--NULLOrderCode:1809201602390695
2018-09-20 16:02:49,427 - root - INFO - test_004_confirmSCTS_order--NULL
2018-09-20 16:02:49,552 - root - INFO - test_005_refund_ticket--NULLPrintNo:0000000000944216VerifyCode:0000000000240836
2018-09-20 16:02:49,595 - root - INFO - test_006_second_refund_ticket--退票失败,取票号或验证码查不到影票信息PrintNo:0000000000944216VerifyCode:0000000000240836
2018-09-20 16:02:56,092 - root - INFO - test_001_no_show_plan--NULLSessionPlanCode:0518091800302321
